<?xml version="1.0" encoding="UTF-8"?>
<Site BuildName="Linux-g++"
	BuildStamp="20240320-0929-Experimental"
	Name="hesam-ASUS-TUF-Gaming-F17-FX707ZU4-FX707ZU4"
	Generator="ctest-3.22.1"
	CompilerName="/usr/bin/g++"
	CompilerVersion="9.5.0"
	OSName="Linux"
	Hostname="hesam-ASUS-TUF-Gaming-F17-FX707ZU4-FX707ZU4"
	OSRelease="6.5.0-25-generic"
	OSVersion="#25~22.04.1-Ubuntu SMP PREEMPT_DYNAMIC Tue Feb 20 16:09:15 UTC 2"
	OSPlatform="x86_64"
	Is64Bits="1"
	VendorString="GenuineIntel"
	VendorID="Intel Corporation"
	FamilyID="6"
	ModelID="154"
	ProcessorCacheSize="24576"
	NumberOfLogicalCPU="20"
	NumberOfPhysicalCPU="14"
	TotalVirtualMemory="2047"
	TotalPhysicalMemory="15607"
	LogicalProcessorsPerPhysical="1"
	ProcessorClockFrequency="4100"
	>
	<Testing>
		<StartDateTime>Mar 20 13:10 +0330</StartDateTime>
		<StartTestTime>1710927618</StartTestTime>
		<TestList/>
		<EndDateTime>Mar 20 13:10 +0330</EndDateTime>
		<EndTestTime>1710927618</EndTestTime>
		<ElapsedMinutes>0</ElapsedMinutes>
	</Testing>
</Site>
